<?xml version="1.0" encoding="UTF-8"?>
<!-- Generated by org.testng.reporters.JUnitReportReporter -->
<testsuite skipped="0" hostname="DESKTOP-M53559M" name="SanityTests.nopCommerceWebDB" tests="1" failures="0" timestamp="09 Nov 2020 18:32:15 GMT" time="7.572" errors="0">
  <testcase name="test01_registerDB" time="7.572" classname="SanityTests.nopCommerceWebDB"/>
</testsuite> <!-- SanityTests.nopCommerceWebDB -->
