<?xml version="1.0" encoding="UTF-8"?>
<!-- Generated by org.testng.reporters.JUnitReportReporter -->
<testsuite skipped="0" hostname="DESKTOP-M53559M" name="SanityTests.JSONServerAPI" tests="4" failures="0" timestamp="16 Nov 2020 19:35:46 GMT" time="2.937" errors="0">
  <testcase name="test03_updateSectionAndVerify" time="0.108" classname="SanityTests.JSONServerAPI"/>
  <testcase name="test04_deleteSectionAndVerify" time="0.041" classname="SanityTests.JSONServerAPI"/>
  <testcase name="test02_getProperty" time="0.955" classname="SanityTests.JSONServerAPI"/>
  <testcase name="test01_addSectionAndVerify" time="1.833" classname="SanityTests.JSONServerAPI"/>
</testsuite> <!-- SanityTests.JSONServerAPI -->
